  Source.cpp
C:\WORK\Facultate\Anul III\Semestrul VI\Criptografie\Tema\Criptografie\Tema03\TemaCriptografie01\TemaCriptografie01\CriptTools.h(231,21): warning C4018: '<': signed/unsigned mismatch
C:\WORK\Facultate\Anul III\Semestrul VI\Criptografie\Tema\Criptografie\Tema03\TemaCriptografie01\TemaCriptografie01\CriptTools.h(1032,21): warning C4244: '=': conversion from 'std::streamoff' to 'long', possible loss of data
C:\WORK\Facultate\Anul III\Semestrul VI\Criptografie\Tema\Criptografie\Tema03\TemaCriptografie01\TemaCriptografie01\CriptTools.h(1077,13): warning C4244: 'argument': conversion from 'time_t' to 'unsigned int', possible loss of data
C:\WORK\Facultate\Anul III\Semestrul VI\Criptografie\Tema\Criptografie\Tema03\TemaCriptografie01\TemaCriptografie01\CriptTools.h(1222,9): warning C4244: 'initializing': conversion from 'std::streamoff' to 'int', possible loss of data
C:\WORK\Facultate\Anul III\Semestrul VI\Criptografie\Tema\Criptografie\Tema03\TemaCriptografie01\TemaCriptografie01\Source.cpp(104,23): warning C4244: 'initializing': conversion from '__int64' to 'unsigned int', possible loss of data
C:\WORK\Facultate\Anul III\Semestrul VI\Criptografie\Tema\Criptografie\Tema03\TemaCriptografie01\TemaCriptografie01\Source.cpp(105,23): warning C4244: 'initializing': conversion from '__int64' to 'unsigned int', possible loss of data
C:\WORK\Facultate\Anul III\Semestrul VI\Criptografie\Tema\Criptografie\Tema03\TemaCriptografie01\TemaCriptografie01\CriptTools.h(42,23): warning C4244: 'return': conversion from 'MyInt' to 'int', possible loss of data
          with
          [
              MyInt=__int64
          ]
C:\WORK\Facultate\Anul III\Semestrul VI\Criptografie\Tema\Criptografie\Tema03\TemaCriptografie01\TemaCriptografie01\Source.cpp(116): message : see reference to function template instantiation 'int modulo<MyInt>(MyInt,MyInt)' being compiled
          with
          [
              MyInt=__int64
          ]
C:\WORK\Facultate\Anul III\Semestrul VI\Criptografie\Tema\Criptografie\Tema03\TemaCriptografie01\TemaCriptografie01\CriptTools.h(43,9): warning C4244: 'return': conversion from 'MyInt' to 'int', possible loss of data
          with
          [
              MyInt=__int64
          ]
  TemaCriptografie01.vcxproj -> C:\WORK\Facultate\Anul III\Semestrul VI\Criptografie\Tema\Criptografie\Tema03\TemaCriptografie01\Debug\TemaCriptografie01.exe
